<?xml version="1.0" encoding="UTF-8"?>
<!-- Generated by org.testng.reporters.JUnitXMLReporter -->
<testsuite hostname="ashwija" ignored="3" name="Default test(failed)" tests="1" failures="1" timestamp="01 Mar 2018 02:46:44 GMT" time="0.037" errors="0">
  <testcase name="editProduct" time="0.008" classname="qsp.GroupingConceptinTestNG">
    <failure type="java.lang.AssertionError" message="null">
      <![CDATA[java.lang.AssertionError: null
	at qsp.GroupingConceptinTestNG.editProduct(GroupingConceptinTestNG.java:43)
... Removed 27 stack frames]]>
    </failure>
  </testcase> <!-- editProduct -->
  <testcase name="getReport" time="0.0" classname="qsp.GroupingConceptinTestNG">
    <ignored/>
  </testcase> <!-- getReport -->
  <testcase name="deleteUser" time="0.0" classname="qsp.GroupingConceptinTestNG">
    <ignored/>
  </testcase> <!-- deleteUser -->
  <testcase name="createUser" time="0.0" classname="qsp.GroupingConceptinTestNG">
    <ignored/>
  </testcase> <!-- createUser -->
</testsuite> <!-- Default test(failed) -->
