<?xml version="1.0" encoding="UTF-8"?>
<!-- Generated by org.testng.reporters.JUnitXMLReporter -->
<testsuite hostname="ashwija" ignored="1" name="Test" tests="3" failures="0" timestamp="01 Mar 2018 02:33:36 GMT" time="0.034" errors="0">
  <testcase name="createUser" time="0.004" classname="qsp.GroupingConceptinTestNG"/>
  <testcase name="editProduct" time="0.003" classname="qsp.GroupingConceptinTestNG"/>
  <testcase name="getReport" time="0.002" classname="qsp.GroupingConceptinTestNG"/>
  <testcase name="deleteUser" time="0.0" classname="qsp.GroupingConceptinTestNG">
    <ignored/>
  </testcase> <!-- deleteUser -->
</testsuite> <!-- Test -->
